10:47:56:044  INFO 57736 --- [main] com.hmall.HMallApplication               : Starting HMallApplication using Java 17.0.8 on LAPTOP-PMQQOP7I with PID 57736 (E:\workplace\hmall\hm-service\target\classes started by Jay in E:\workplace\hmall)
10:47:56:052 DEBUG 57736 --- [main] com.hmall.HMallApplication               : Running with Spring Boot v2.7.12, Spring v5.3.27
10:47:56:053  INFO 57736 --- [main] com.hmall.HMallApplication               : The following 1 profile is active: "local"
10:47:58:203  INFO 57736 --- [main] .s.d.r.c.RepositoryConfigurationDelegate : Multiple Spring Data modules found, entering strict repository configuration mode
10:47:58:207  INFO 57736 --- [main] .s.d.r.c.RepositoryConfigurationDelegate : Bootstrapping Spring Data Redis repositories in DEFAULT mode.
10:47:58:249  INFO 57736 --- [main] .s.d.r.c.RepositoryConfigurationDelegate : Finished Spring Data repository scanning in 19 ms. Found 0 Redis repository interfaces.
10:47:59:023  INFO 57736 --- [main] o.s.b.w.embedded.tomcat.TomcatWebServer  : Tomcat initialized with port(s): 8080 (http)
10:47:59:042  INFO 57736 --- [main] o.apache.catalina.core.StandardService   : Starting service [Tomcat]
10:47:59:042  INFO 57736 --- [main] org.apache.catalina.core.StandardEngine  : Starting Servlet engine: [Apache Tomcat/9.0.75]
10:47:59:277  INFO 57736 --- [main] o.a.c.c.C.[Tomcat].[localhost].[/]       : Initializing Spring embedded WebApplicationContext
10:47:59:278  INFO 57736 --- [main] w.s.c.ServletWebServerApplicationContext : Root WebApplicationContext: initialization completed in 3155 ms
10:48:01:508  INFO 57736 --- [main] pertySourcedRequestMappingHandlerMapping : Mapped URL path [/v2/api-docs] onto method [springfox.documentation.swagger2.web.Swagger2ControllerWebMvc#getDocumentation(String, HttpServletRequest)]
10:48:02:567  INFO 57736 --- [main] o.s.b.w.embedded.tomcat.TomcatWebServer  : Tomcat started on port(s): 8080 (http) with context path ''
10:48:02:568  INFO 57736 --- [main] d.s.w.p.DocumentationPluginsBootstrapper : Documentation plugins bootstrapped
10:48:02:573  INFO 57736 --- [main] d.s.w.p.DocumentationPluginsBootstrapper : Found 1 custom documentation plugin(s)
10:48:02:630  INFO 57736 --- [main] s.d.s.w.s.ApiListingReferenceScanner     : Scanning for api listing references
10:48:02:955  INFO 57736 --- [main] com.hmall.HMallApplication               : Started HMallApplication in 7.458 seconds (JVM running for 8.631)
17:52:44:820  INFO 35812 --- [main] com.hmall.HMallApplication               : Starting HMallApplication using Java 17.0.8 on LAPTOP-PMQQOP7I with PID 35812 (E:\workplace\hmall\hm-service\target\classes started by Jay in E:\workplace\hmall)
17:52:44:821 DEBUG 35812 --- [main] com.hmall.HMallApplication               : Running with Spring Boot v2.7.12, Spring v5.3.27
17:52:44:822  INFO 35812 --- [main] com.hmall.HMallApplication               : The following 1 profile is active: "local"
17:52:46:124  INFO 35812 --- [main] .s.d.r.c.RepositoryConfigurationDelegate : Multiple Spring Data modules found, entering strict repository configuration mode
17:52:46:127  INFO 35812 --- [main] .s.d.r.c.RepositoryConfigurationDelegate : Bootstrapping Spring Data Redis repositories in DEFAULT mode.
17:52:46:156  INFO 35812 --- [main] .s.d.r.c.RepositoryConfigurationDelegate : Finished Spring Data repository scanning in 14 ms. Found 0 Redis repository interfaces.
17:52:46:638  INFO 35812 --- [main] o.s.b.w.embedded.tomcat.TomcatWebServer  : Tomcat initialized with port(s): 8080 (http)
17:52:46:645  INFO 35812 --- [main] o.apache.catalina.core.StandardService   : Starting service [Tomcat]
17:52:46:645  INFO 35812 --- [main] org.apache.catalina.core.StandardEngine  : Starting Servlet engine: [Apache Tomcat/9.0.75]
17:52:46:757  INFO 35812 --- [main] o.a.c.c.C.[Tomcat].[localhost].[/]       : Initializing Spring embedded WebApplicationContext
17:52:46:757  INFO 35812 --- [main] w.s.c.ServletWebServerApplicationContext : Root WebApplicationContext: initialization completed in 1898 ms
17:52:48:916  INFO 35812 --- [main] pertySourcedRequestMappingHandlerMapping : Mapped URL path [/v2/api-docs] onto method [springfox.documentation.swagger2.web.Swagger2ControllerWebMvc#getDocumentation(String, HttpServletRequest)]
17:52:49:450  INFO 35812 --- [main] o.s.b.w.embedded.tomcat.TomcatWebServer  : Tomcat started on port(s): 8080 (http) with context path ''
17:52:49:451  INFO 35812 --- [main] d.s.w.p.DocumentationPluginsBootstrapper : Documentation plugins bootstrapped
17:52:49:453  INFO 35812 --- [main] d.s.w.p.DocumentationPluginsBootstrapper : Found 1 custom documentation plugin(s)
17:52:49:481  INFO 35812 --- [main] s.d.s.w.s.ApiListingReferenceScanner     : Scanning for api listing references
17:52:49:620  INFO 35812 --- [main] com.hmall.HMallApplication               : Started HMallApplication in 5.075 seconds (JVM running for 5.681)
