17:43:07:733  INFO 48228 --- [main] com.hmall.user.userApplication           : Starting userApplication using Java 17.0.8 on LAPTOP-PMQQOP7I with PID 48228 (E:\workplace\hmall\user-service\target\classes started by Jay in E:\workplace\hmall)
17:43:07:737 DEBUG 48228 --- [main] com.hmall.user.userApplication           : Running with Spring Boot v2.7.12, Spring v5.3.27
17:43:07:738  INFO 48228 --- [main] com.hmall.user.userApplication           : The following 1 profile is active: "local"
17:43:08:704  INFO 48228 --- [main] o.s.cloud.context.scope.GenericScope     : BeanFactory id=2bedb71a-c548-3181-9cc3-ffbcbdc46518
17:43:09:065  INFO 48228 --- [main] o.s.b.w.embedded.tomcat.TomcatWebServer  : Tomcat initialized with port(s): 8084 (http)
17:43:09:073  INFO 48228 --- [main] o.apache.catalina.core.StandardService   : Starting service [Tomcat]
17:43:09:073  INFO 48228 --- [main] org.apache.catalina.core.StandardEngine  : Starting Servlet engine: [Apache Tomcat/9.0.75]
17:43:09:199  INFO 48228 --- [main] o.a.c.c.C.[Tomcat].[localhost].[/]       : Initializing Spring embedded WebApplicationContext
17:43:09:200  INFO 48228 --- [main] w.s.c.ServletWebServerApplicationContext : Root WebApplicationContext: initialization completed in 1420 ms
17:43:11:477  INFO 48228 --- [main] o.s.cloud.commons.util.InetUtils         : Cannot determine local hostname
17:43:11:490  INFO 48228 --- [main] pertySourcedRequestMappingHandlerMapping : Mapped URL path [/v2/api-docs] onto method [springfox.documentation.swagger2.web.Swagger2ControllerWebMvc#getDocumentation(String, HttpServletRequest)]
17:43:12:801  INFO 48228 --- [main] o.s.cloud.commons.util.InetUtils         : Cannot determine local hostname
17:43:12:910  INFO 48228 --- [main] com.alibaba.nacos.common.remote.client   : [RpcClientFactory] create a new rpc client of 3b29913d-2f2c-4151-9355-10588aba6fa4
17:43:12:940  INFO 48228 --- [main] org.reflections.Reflections              : Reflections took 13 ms to scan 1 urls, producing 3 keys and 6 values 
17:43:12:954  INFO 48228 --- [main] org.reflections.Reflections              : Reflections took 5 ms to scan 1 urls, producing 4 keys and 9 values 
17:43:12:959  INFO 48228 --- [main] org.reflections.Reflections              : Reflections took 3 ms to scan 1 urls, producing 3 keys and 10 values 
17:43:12:961  WARN 48228 --- [main] org.reflections.Reflections              : given scan urls are empty. set urls in the configuration
17:43:12:965  INFO 48228 --- [main] org.reflections.Reflections              : Reflections took 4 ms to scan 1 urls, producing 1 keys and 5 values 
17:43:12:973  INFO 48228 --- [main] org.reflections.Reflections              : Reflections took 7 ms to scan 1 urls, producing 1 keys and 7 values 
17:43:12:978  INFO 48228 --- [main] org.reflections.Reflections              : Reflections took 4 ms to scan 1 urls, producing 2 keys and 8 values 
17:43:12:979  WARN 48228 --- [main] org.reflections.Reflections              : given scan urls are empty. set urls in the configuration
17:43:12:979  INFO 48228 --- [main] com.alibaba.nacos.common.remote.client   : [3b29913d-2f2c-4151-9355-10588aba6fa4] RpcClient init label, labels = {module=naming, source=sdk}
17:43:12:980  INFO 48228 --- [main] com.alibaba.nacos.common.remote.client   : [3b29913d-2f2c-4151-9355-10588aba6fa4] RpcClient init, ServerListFactory = com.alibaba.nacos.client.naming.core.ServerListManager
17:43:12:980  INFO 48228 --- [main] com.alibaba.nacos.common.remote.client   : [3b29913d-2f2c-4151-9355-10588aba6fa4] Registry connection listener to current client:com.alibaba.nacos.client.naming.remote.gprc.redo.NamingGrpcRedoService
17:43:12:980  INFO 48228 --- [main] com.alibaba.nacos.common.remote.client   : [3b29913d-2f2c-4151-9355-10588aba6fa4] Register server push request handler:com.alibaba.nacos.client.naming.remote.gprc.NamingPushRequestHandler
17:43:12:982  INFO 48228 --- [main] com.alibaba.nacos.common.remote.client   : [3b29913d-2f2c-4151-9355-10588aba6fa4] Try to connect to server on start up, server: {serverIp = '127.0.0.1', server main port = 8848}
17:43:13:810  INFO 48228 --- [main] com.alibaba.nacos.common.remote.client   : [3b29913d-2f2c-4151-9355-10588aba6fa4] Success to connect to server [127.0.0.1:8848] on start up, connectionId = 1774431793641_127.0.0.1_50939
17:43:13:811  INFO 48228 --- [com.alibaba.nacos.client.remote.worker] com.alibaba.nacos.common.remote.client   : [3b29913d-2f2c-4151-9355-10588aba6fa4] Notify connected event to listeners.
17:43:13:811  INFO 48228 --- [main] com.alibaba.nacos.common.remote.client   : [3b29913d-2f2c-4151-9355-10588aba6fa4] Register server push request handler:com.alibaba.nacos.common.remote.client.RpcClient$ConnectResetRequestHandler
17:43:13:811  INFO 48228 --- [main] com.alibaba.nacos.common.remote.client   : [3b29913d-2f2c-4151-9355-10588aba6fa4] Register server push request handler:com.alibaba.nacos.common.remote.client.RpcClient$$Lambda$1063/0x000001828184b488
17:43:13:859  INFO 48228 --- [main] o.s.b.w.embedded.tomcat.TomcatWebServer  : Tomcat started on port(s): 8084 (http) with context path ''
17:43:13:868  INFO 48228 --- [main] c.a.c.n.registry.NacosServiceRegistry    : nacos registry, DEFAULT_GROUP user-service 192.168.111.1:8084 register finished
17:43:14:408  INFO 48228 --- [nacos-grpc-client-executor-8] com.alibaba.nacos.common.remote.client   : [3b29913d-2f2c-4151-9355-10588aba6fa4] Receive server push request, request = NotifySubscriberRequest, requestId = 8
17:43:14:417  INFO 48228 --- [nacos-grpc-client-executor-8] com.alibaba.nacos.common.remote.client   : [3b29913d-2f2c-4151-9355-10588aba6fa4] Ack server push request, request = NotifySubscriberRequest, requestId = 8
17:43:15:069  INFO 48228 --- [main] o.s.cloud.commons.util.InetUtils         : Cannot determine local hostname
17:43:15:069  INFO 48228 --- [main] d.s.w.p.DocumentationPluginsBootstrapper : Documentation plugins bootstrapped
17:43:15:070  INFO 48228 --- [main] d.s.w.p.DocumentationPluginsBootstrapper : Found 1 custom documentation plugin(s)
17:43:15:082  INFO 48228 --- [main] s.d.s.w.s.ApiListingReferenceScanner     : Scanning for api listing references
17:43:15:109  INFO 48228 --- [main] .d.s.w.r.o.CachingOperationNameGenerator : Generating unique operation named: findAddressByIdUsingGET_1
17:43:15:114  INFO 48228 --- [main] .d.s.w.r.o.CachingOperationNameGenerator : Generating unique operation named: findMyAddressesUsingGET_1
17:43:15:122  INFO 48228 --- [main] .d.s.w.r.o.CachingOperationNameGenerator : Generating unique operation named: loginUsingPOST_1
17:43:15:123  INFO 48228 --- [main] .d.s.w.r.o.CachingOperationNameGenerator : Generating unique operation named: deductMoneyUsingPUT_1
17:43:15:131  INFO 48228 --- [main] com.hmall.user.userApplication           : Started userApplication in 9.291 seconds (JVM running for 10.053)
17:44:56:099  INFO 48228 --- [http-nio-8084-exec-1] o.a.c.c.C.[Tomcat].[localhost].[/]       : Initializing Spring DispatcherServlet 'dispatcherServlet'
17:44:56:101  INFO 48228 --- [http-nio-8084-exec-1] o.s.web.servlet.DispatcherServlet        : Initializing Servlet 'dispatcherServlet'
17:44:56:117  INFO 48228 --- [http-nio-8084-exec-1] o.s.web.servlet.DispatcherServlet        : Completed initialization in 16 ms
17:44:56:379  INFO 48228 --- [http-nio-8084-exec-1] com.zaxxer.hikari.HikariDataSource       : HikariPool-1 - Starting...
17:44:56:894  INFO 48228 --- [http-nio-8084-exec-1] com.zaxxer.hikari.HikariDataSource       : HikariPool-1 - Start completed.
17:44:56:904 DEBUG 48228 --- [http-nio-8084-exec-1] c.h.user.mapper.UserMapper.selectOne     : ==>  Preparing: SELECT id,username,password,phone,create_time,update_time,status,balance FROM user WHERE (username = ?)
17:44:56:937 DEBUG 48228 --- [http-nio-8084-exec-1] c.h.user.mapper.UserMapper.selectOne     : ==> Parameters: jack(String)
17:44:57:062 DEBUG 48228 --- [http-nio-8084-exec-1] c.h.user.mapper.UserMapper.selectOne     : <==      Total: 1
18:03:37:640  WARN 48228 --- [Thread-7] c.a.n.common.http.HttpClientBeanHolder   : [HttpClientBeanHolder] Start destroying common HttpClient
18:03:37:640  WARN 48228 --- [Thread-4] c.a.nacos.common.notify.NotifyCenter     : [NotifyCenter] Start destroying Publisher
18:03:37:641  WARN 48228 --- [Thread-4] c.a.nacos.common.notify.NotifyCenter     : [NotifyCenter] Destruction of the end
18:03:37:641  WARN 48228 --- [Thread-7] c.a.n.common.http.HttpClientBeanHolder   : [HttpClientBeanHolder] Destruction of the end
18:03:37:698  INFO 48228 --- [SpringApplicationShutdownHook] c.a.c.n.registry.NacosServiceRegistry    : De-registering from Nacos Server now...
18:03:37:702  INFO 48228 --- [SpringApplicationShutdownHook] c.a.c.n.registry.NacosServiceRegistry    : De-registration finished.
18:03:38:038  INFO 48228 --- [SpringApplicationShutdownHook] com.alibaba.nacos.common.remote.client   : Shutdown rpc client, set status to shutdown
18:03:38:038  INFO 48228 --- [SpringApplicationShutdownHook] com.alibaba.nacos.common.remote.client   : Shutdown client event executor java.util.concurrent.ScheduledThreadPoolExecutor@35113b15[Running, pool size = 2, active threads = 2, queued tasks = 0, completed tasks = 0]
18:03:38:038  INFO 48228 --- [SpringApplicationShutdownHook] com.alibaba.nacos.common.remote.client   : Close current connection 1774431793641_127.0.0.1_50939
18:03:38:042  INFO 48228 --- [nacos-grpc-client-executor-257] c.a.n.c.remote.client.grpc.GrpcClient    : [1774431793641_127.0.0.1_50939]Ignore complete event,isRunning:false,isAbandon=false
18:03:38:042  INFO 48228 --- [SpringApplicationShutdownHook] c.a.n.c.remote.client.grpc.GrpcClient    : Shutdown grpc executor java.util.concurrent.ThreadPoolExecutor@6fad28fb[Running, pool size = 5, active threads = 0, queued tasks = 0, completed tasks = 258]
18:03:38:049  INFO 48228 --- [SpringApplicationShutdownHook] com.zaxxer.hikari.HikariDataSource       : HikariPool-1 - Shutdown initiated...
18:03:38:360  INFO 48228 --- [SpringApplicationShutdownHook] com.zaxxer.hikari.HikariDataSource       : HikariPool-1 - Shutdown completed.
